Mockito/app/build/outputs/logs/manifest-merger-debug-report.txt
-- Merging decision tree log ---
manifest
ADDED from src\main\AndroidManifest.xml:2:1-28:12
	package
		ADDED from src\main\AndroidManifest.xml:3:2-44
	android:versionName
		ADDED from src\main\AndroidManifest.xml:5:2-27
		INJECTED from src\main\AndroidManifest.xml
		INJECTED from src\main\AndroidManifest.xml
	android:versionCode
		ADDED from src\main\AndroidManifest.xml:4:2-25
		INJECTED from src\main\AndroidManifest.xml
		INJECTED from src\main\AndroidManifest.xml
	xmlns:android
		ADDED from src\main\AndroidManifest.xml:2:11-69
uses-sdk
ADDED from src\main\AndroidManifest.xml:7:2-9:34
	android:targetSdkVersion
		ADDED from src\main\AndroidManifest.xml:9:3-32
	android:minSdkVersion
		ADDED from src\main\AndroidManifest.xml:8:3-29
uses-permission#android.permission.INTERNET
ADDED from src\main\AndroidManifest.xml:10:2-63
	android:name
		ADDED from src\main\AndroidManifest.xml:10:19-61
application
ADDED from src\main\AndroidManifest.xml:12:2-26:16
	android:label
		ADDED from src\main\AndroidManifest.xml:15:3-35
	android:allowBackup
		ADDED from src\main\AndroidManifest.xml:13:3-29
	android:icon
		ADDED from src\main\AndroidManifest.xml:14:3-39
	android:theme
		ADDED from src\main\AndroidManifest.xml:16:3-34
activity#com.commonsware.android.unittest.MainActivity
ADDED from src\main\AndroidManifest.xml:17:3-25:14
	android:label
		ADDED from src\main\AndroidManifest.xml:19:4-36
	android:name
		ADDED from src\main\AndroidManifest.xml:18:4-31
intent-filter#android.intent.action.MAIN+android.intent.category.LAUNCHER
ADDED from src\main\AndroidManifest.xml:20:4-24:20
action#android.intent.action.MAIN
ADDED from src\main\AndroidManifest.xml:21:5-56
	android:name
		ADDED from src\main\AndroidManifest.xml:21:13-54
category#android.intent.category.LAUNCHER
ADDED from src\main\AndroidManifest.xml:23:5-64
	android:name
		ADDED from src\main\AndroidManifest.xml:23:15-62